<?xml version="1.0" encoding="UTF-8"?>
<testng-results skipped="0" failed="1" ignored="0" total="3" passed="2">
  <reporter-output>
    <line>
      <![CDATA[TestNG_ReportsAndLogs -> This runs once before class]]>
    </line>
    <line>
      <![CDATA[TestNG_ReportsAndLogs -> This runs before every method]]>
    </line>
    <line>
      <![CDATA[TestNG_ReportsAndLogs -> testMethod1]]>
    </line>
    <line>
      <![CDATA[TestNG_ReportsAndLogs -> This runs after every method]]>
    </line>
    <line>
      <![CDATA[TestNG_ReportsAndLogs -> This runs before every method]]>
    </line>
    <line>
      <![CDATA[TestNG_ReportsAndLogs -> testMethod2]]>
    </line>
    <line>
      <![CDATA[TestNG_ReportsAndLogs -> This runs after every method]]>
    </line>
    <line>
      <![CDATA[TestNG_ReportsAndLogs -> This runs before every method]]>
    </line>
    <line>
      <![CDATA[TestNG_ReportsAndLogs -> testMethod3]]>
    </line>
    <line>
      <![CDATA[TestNG_ReportsAndLogs -> This runs after every method]]>
    </line>
    <line>
      <![CDATA[TestNG_ReportsAndLogs -> This runs once after class]]>
    </line>
  </reporter-output>
  <suite name="All Test Suite" duration-ms="110" started-at="2020-06-30T21:27:37 IST" finished-at="2020-06-30T21:27:37 IST">
    <groups>
    </groups>
    <test name="test1" duration-ms="110" started-at="2020-06-30T21:27:37 IST" finished-at="2020-06-30T21:27:37 IST">
      <class name="com.san.testclasses.TestNG_ReportsAndLogs">
        <test-method status="PASS" signature="setUp()[pri:0, instance:com.san.testclasses.TestNG_ReportsAndLogs@5891e32e]" name="setUp" is-config="true" duration-ms="16" started-at="2020-06-30T21:27:37 IST" finished-at="2020-06-30T21:27:37 IST">
          <reporter-output>
            <line>
              <![CDATA[TestNG_ReportsAndLogs -> This runs once before class]]>
            </line>
          </reporter-output>
        </test-method> <!-- setUp -->
        <test-method status="PASS" signature="beforeMethod()[pri:0, instance:com.san.testclasses.TestNG_ReportsAndLogs@5891e32e]" name="beforeMethod" is-config="true" duration-ms="0" started-at="2020-06-30T21:27:37 IST" finished-at="2020-06-30T21:27:37 IST">
          <reporter-output>
            <line>
              <![CDATA[TestNG_ReportsAndLogs -> This runs before every method]]>
            </line>
          </reporter-output>
        </test-method> <!-- beforeMethod -->
        <test-method status="PASS" signature="testMethod1()[pri:0, instance:com.san.testclasses.TestNG_ReportsAndLogs@5891e32e]" name="testMethod1" duration-ms="2" started-at="2020-06-30T21:27:37 IST" finished-at="2020-06-30T21:27:37 IST">
          <reporter-output>
            <line>
              <![CDATA[TestNG_ReportsAndLogs -> testMethod1]]>
            </line>
          </reporter-output>
        </test-method> <!-- testMethod1 -->
        <test-method status="PASS" signature="afterMethod()[pri:0, instance:com.san.testclasses.TestNG_ReportsAndLogs@5891e32e]" name="afterMethod" is-config="true" duration-ms="7" started-at="2020-06-30T21:27:37 IST" finished-at="2020-06-30T21:27:37 IST">
          <reporter-output>
            <line>
              <![CDATA[TestNG_ReportsAndLogs -> This runs after every method]]>
            </line>
          </reporter-output>
        </test-method> <!-- afterMethod -->
        <test-method status="PASS" signature="beforeMethod()[pri:0, instance:com.san.testclasses.TestNG_ReportsAndLogs@5891e32e]" name="beforeMethod" is-config="true" duration-ms="1" started-at="2020-06-30T21:27:37 IST" finished-at="2020-06-30T21:27:37 IST">
          <reporter-output>
            <line>
              <![CDATA[TestNG_ReportsAndLogs -> This runs before every method]]>
            </line>
          </reporter-output>
        </test-method> <!-- beforeMethod -->
        <test-method status="FAIL" signature="testMethod2()[pri:0, instance:com.san.testclasses.TestNG_ReportsAndLogs@5891e32e]" name="testMethod2" duration-ms="4" started-at="2020-06-30T21:27:37 IST" finished-at="2020-06-30T21:27:37 IST">
          <exception class="java.lang.AssertionError">
            <full-stacktrace>
              <![CDATA[java.lang.AssertionError
at org.junit.Assert.fail(Assert.java:86)
at org.junit.Assert.assertTrue(Assert.java:41)
at org.junit.Assert.assertTrue(Assert.java:52)
at com.san.testclasses.TestNG_ReportsAndLogs.testMethod2(TestNG_ReportsAndLogs.java:43)
at sun.reflect.NativeMethodAccessorImpl.invoke0(Native Method)
at sun.reflect.NativeMethodAccessorImpl.invoke(NativeMethodAccessorImpl.java:62)
at sun.reflect.DelegatingMethodAccessorImpl.invoke(DelegatingMethodAccessorImpl.java:43)
at java.lang.reflect.Method.invoke(Method.java:498)
at org.testng.internal.MethodInvocationHelper.invokeMethod(MethodInvocationHelper.java:134)
at org.testng.internal.TestInvoker.invokeMethod(TestInvoker.java:597)
at org.testng.internal.TestInvoker.invokeTestMethod(TestInvoker.java:173)
at org.testng.internal.MethodRunner.runInSequence(MethodRunner.java:46)
at org.testng.internal.TestInvoker$MethodInvocationAgent.invoke(TestInvoker.java:816)
at org.testng.internal.TestInvoker.invokeTestMethods(TestInvoker.java:146)
at org.testng.internal.TestMethodWorker.invokeTestMethods(TestMethodWorker.java:146)
at org.testng.internal.TestMethodWorker.run(TestMethodWorker.java:128)
at java.util.ArrayList.forEach(ArrayList.java:1257)
at org.testng.TestRunner.privateRun(TestRunner.java:766)
at org.testng.TestRunner.run(TestRunner.java:587)
at org.testng.SuiteRunner.runTest(SuiteRunner.java:384)
at org.testng.SuiteRunner.runSequentially(SuiteRunner.java:378)
at org.testng.SuiteRunner.privateRun(SuiteRunner.java:337)
at org.testng.SuiteRunner.run(SuiteRunner.java:286)
at org.testng.SuiteRunnerWorker.runSuite(SuiteRunnerWorker.java:53)
at org.testng.SuiteRunnerWorker.run(SuiteRunnerWorker.java:96)
at org.testng.TestNG.runSuitesSequentially(TestNG.java:1187)
at org.testng.TestNG.runSuitesLocally(TestNG.java:1109)
at org.testng.TestNG.runSuites(TestNG.java:1039)
at org.testng.TestNG.run(TestNG.java:1007)
at com.intellij.rt.testng.IDEARemoteTestNG.run(IDEARemoteTestNG.java:66)
at com.intellij.rt.testng.RemoteTestNGStarter.main(RemoteTestNGStarter.java:110)
]]>
            </full-stacktrace>
          </exception> <!-- java.lang.AssertionError -->
          <reporter-output>
            <line>
              <![CDATA[TestNG_ReportsAndLogs -> testMethod2]]>
            </line>
          </reporter-output>
        </test-method> <!-- testMethod2 -->
        <test-method status="PASS" signature="afterMethod()[pri:0, instance:com.san.testclasses.TestNG_ReportsAndLogs@5891e32e]" name="afterMethod" is-config="true" duration-ms="1" started-at="2020-06-30T21:27:37 IST" finished-at="2020-06-30T21:27:37 IST">
          <reporter-output>
            <line>
              <![CDATA[TestNG_ReportsAndLogs -> This runs after every method]]>
            </line>
          </reporter-output>
        </test-method> <!-- afterMethod -->
        <test-method status="PASS" signature="beforeMethod()[pri:0, instance:com.san.testclasses.TestNG_ReportsAndLogs@5891e32e]" name="beforeMethod" is-config="true" duration-ms="1" started-at="2020-06-30T21:27:37 IST" finished-at="2020-06-30T21:27:37 IST">
          <reporter-output>
            <line>
              <![CDATA[TestNG_ReportsAndLogs -> This runs before every method]]>
            </line>
          </reporter-output>
        </test-method> <!-- beforeMethod -->
        <test-method status="PASS" signature="testMethod3()[pri:0, instance:com.san.testclasses.TestNG_ReportsAndLogs@5891e32e]" name="testMethod3" duration-ms="0" started-at="2020-06-30T21:27:37 IST" finished-at="2020-06-30T21:27:37 IST">
          <reporter-output>
            <line>
              <![CDATA[TestNG_ReportsAndLogs -> testMethod3]]>
            </line>
          </reporter-output>
        </test-method> <!-- testMethod3 -->
        <test-method status="PASS" signature="afterMethod()[pri:0, instance:com.san.testclasses.TestNG_ReportsAndLogs@5891e32e]" name="afterMethod" is-config="true" duration-ms="1" started-at="2020-06-30T21:27:37 IST" finished-at="2020-06-30T21:27:37 IST">
          <reporter-output>
            <line>
              <![CDATA[TestNG_ReportsAndLogs -> This runs after every method]]>
            </line>
          </reporter-output>
        </test-method> <!-- afterMethod -->
        <test-method status="PASS" signature="cleanUp()[pri:0, instance:com.san.testclasses.TestNG_ReportsAndLogs@5891e32e]" name="cleanUp" is-config="true" duration-ms="2" started-at="2020-06-30T21:27:37 IST" finished-at="2020-06-30T21:27:37 IST">
          <reporter-output>
            <line>
              <![CDATA[TestNG_ReportsAndLogs -> This runs once after class]]>
            </line>
          </reporter-output>
        </test-method> <!-- cleanUp -->
      </class> <!-- com.san.testclasses.TestNG_ReportsAndLogs -->
    </test> <!-- test1 -->
  </suite> <!-- All Test Suite -->
</testng-results>
